  stdafx.cpp
  unittest1.cpp
    正在创建库 E:\Git\personal-project\Cplusplus\031602114\src\x64\Debug\WordCountUnitTest.lib 和对象 E:\Git\personal-project\Cplusplus\031602114\src\x64\Debug\WordCountUnitTest.exp
unittest1.obj : error LNK2019: 无法解析的外部符号 "int __cdecl Ch_Count(char *)" (?Ch_Count@@YAHPEAD@Z)，该符号在函数 "public: void __cdecl WordCountUnitTest::UnitTest1::TestMethod2(void)" (?TestMethod2@UnitTest1@WordCountUnitTest@@QEAAXXZ) 中被引用
unittest1.obj : error LNK2019: 无法解析的外部符号 "int __cdecl Lines_Count(char *)" (?Lines_Count@@YAHPEAD@Z)，该符号在函数 "public: void __cdecl WordCountUnitTest::UnitTest1::TestMethod3(void)" (?TestMethod3@UnitTest1@WordCountUnitTest@@QEAAXXZ) 中被引用
unittest1.obj : error LNK2019: 无法解析的外部符号 "class std::basic_string<char,struct std::char_traits<char>,class std::allocator<char> > __cdecl Is_Word(class std::basic_string<char,struct std::char_traits<char>,class std::allocator<char> >)" (?Is_Word@@YA?AV?$basic_string@DU?$char_traits@D@std@@V?$allocator@D@2@@std@@V12@@Z)，该符号在函数 "public: void __cdecl WordCountUnitTest::UnitTest1::TestMethod1(void)" (?TestMethod1@UnitTest1@WordCountUnitTest@@QEAAXXZ) 中被引用
unittest1.obj : error LNK2019: 无法解析的外部符号 "int __cdecl Word_Count(char *)" (?Word_Count@@YAHPEAD@Z)，该符号在函数 "public: void __cdecl WordCountUnitTest::UnitTest1::TestMethod4(void)" (?TestMethod4@UnitTest1@WordCountUnitTest@@QEAAXXZ) 中被引用
E:\Git\personal-project\Cplusplus\031602114\src\x64\Debug\WordCountUnitTest.dll : fatal error LNK1120: 4 个无法解析的外部命令
