  unittest1.cpp
    正在创建库 D:\github\personal-project\Cplusplus\031602444\src\x64\Debug\WordCountUnitTest.lib 和对象 D:\github\personal-project\Cplusplus\031602444\src\x64\Debug\WordCountUnitTest.exp
unittest1.obj : error LNK2019: 无法解析的外部符号 "void __cdecl CountAndSort(char *,class std::vector<struct std::pair<class std::basic_string<char,struct std::char_traits<char>,class std::allocator<char> >,int>,class std::allocator<struct std::pair<class std::basic_string<char,struct std::char_traits<char>,class std::allocator<char> >,int> > > &)" (?CountAndSort@@YAXPEADAEAV?$vector@U?$pair@V?$basic_string@DU?$char_traits@D@std@@V?$allocator@D@2@@std@@H@std@@V?$allocator@U?$pair@V?$basic_string@DU?$char_traits@D@std@@V?$allocator@D@2@@std@@H@std@@@2@@std@@@Z)，该符号在函数 "public: void __cdecl SortCountTest1::UnitTest1::TestMethod1(void)" (?TestMethod1@UnitTest1@SortCountTest1@@QEAAXXZ) 中被引用
unittest1.obj : error LNK2019: 无法解析的外部符号 "int __cdecl Display(class std::vector<struct std::pair<class std::basic_string<char,struct std::char_traits<char>,class std::allocator<char> >,int>,class std::allocator<struct std::pair<class std::basic_string<char,struct std::char_traits<char>,class std::allocator<char> >,int> > > &)" (?Display@@YAHAEAV?$vector@U?$pair@V?$basic_string@DU?$char_traits@D@std@@V?$allocator@D@2@@std@@H@std@@V?$allocator@U?$pair@V?$basic_string@DU?$char_traits@D@std@@V?$allocator@D@2@@std@@H@std@@@2@@std@@@Z)，该符号在函数 "public: void __cdecl SortCountTest2::UnitTest1::TestMethod1(void)" (?TestMethod1@UnitTest1@SortCountTest2@@QEAAXXZ) 中被引用
unittest1.obj : error LNK2019: 无法解析的外部符号 "int __cdecl CountCharacters(char *)" (?CountCharacters@@YAHPEAD@Z)，该符号在函数 "public: void __cdecl CharCountTest::UnitTest1::TestMethod1(void)" (?TestMethod1@UnitTest1@CharCountTest@@QEAAXXZ) 中被引用
unittest1.obj : error LNK2019: 无法解析的外部符号 "int __cdecl CountLines(char *)" (?CountLines@@YAHPEAD@Z)，该符号在函数 "public: void __cdecl EmptyFile::UnitTest1::TestMethod1(void)" (?TestMethod1@UnitTest1@EmptyFile@@QEAAXXZ) 中被引用
unittest1.obj : error LNK2019: 无法解析的外部符号 "int __cdecl CountWords(char *)" (?CountWords@@YAHPEAD@Z)，该符号在函数 "public: void __cdecl EmptyFile::UnitTest1::TestMethod1(void)" (?TestMethod1@UnitTest1@EmptyFile@@QEAAXXZ) 中被引用
D:\github\personal-project\Cplusplus\031602444\src\x64\Debug\WordCountUnitTest.dll : fatal error LNK1120: 5 个无法解析的外部命令
